<?xml version="1.0" encoding="UTF-8"?>
<testsuites>
  <testsuite name="" tests="18" assertions="4" failures="0" errors="14" time="0.348593">
    <testsuite name="Integration" tests="9" assertions="0" failures="0" errors="9" time="0.195705">
      <testsuite name="Tests\Integration\Repositories\AttachmentsTest" file="/var/www/packages/afrittella/back-project/tests/Integration/Repositories/AttachmentsTest.php" tests="1" assertions="0" failures="0" errors="1" time="0.105744">
        <testcase name="testRemoveIsMain" class="Tests\Integration\Repositories\AttachmentsTest" file="/var/www/packages/afrittella/back-project/tests/Integration/Repositories/AttachmentsTest.php" line="28" assertions="0" time="0.105744">
          <error type="Doctrine\DBAL\Schema\SchemaException">Tests\Integration\Repositories\AttachmentsTest::testRemoveIsMain
Doctrine\DBAL\Schema\SchemaException: There is no column with name 'name' on table 'users'.

/var/www/packages/afrittella/back-project/vendor/doctrine/dbal/lib/Doctrine/DBAL/Schema/SchemaException.php:86
/var/www/packages/afrittella/back-project/vendor/doctrine/dbal/lib/Doctrine/DBAL/Schema/Table.php:671
/var/www/packages/afrittella/back-project/vendor/laravel/framework/src/Illuminate/Database/Connection.php:843
/var/www/packages/afrittella/back-project/vendor/laravel/framework/src/Illuminate/Database/Schema/Grammars/RenameColumn.php:26
/var/www/packages/afrittella/back-project/vendor/laravel/framework/src/Illuminate/Database/Schema/Grammars/Grammar.php:32
/var/www/packages/afrittella/back-project/vendor/laravel/framework/src/Illuminate/Database/Schema/Blueprint.php:107
/var/www/packages/afrittella/back-project/vendor/laravel/framework/src/Illuminate/Database/Schema/Blueprint.php:82
/var/www/packages/afrittella/back-project/vendor/laravel/framework/src/Illuminate/Database/Schema/Builder.php:239
/var/www/packages/afrittella/back-project/vendor/laravel/framework/src/Illuminate/Database/Schema/Builder.php:148
/var/www/packages/afrittella/back-project/vendor/laravel/framework/src/Illuminate/Support/Facades/Facade.php:221
/var/www/packages/afrittella/back-project/src/database/migrations/2017_02_03_164144_modify_users_table.php:20
/var/www/packages/afrittella/back-project/vendor/laravel/framework/src/Illuminate/Database/Migrations/Migrator.php:353
/var/www/packages/afrittella/back-project/vendor/laravel/framework/src/Illuminate/Database/Migrations/Migrator.php:359
/var/www/packages/afrittella/back-project/vendor/laravel/framework/src/Illuminate/Database/Migrations/Migrator.php:177
/var/www/packages/afrittella/back-project/vendor/laravel/framework/src/Illuminate/Database/Migrations/Migrator.php:146
/var/www/packages/afrittella/back-project/vendor/laravel/framework/src/Illuminate/Database/Migrations/Migrator.php:95
/var/www/packages/afrittella/back-project/vendor/laravel/framework/src/Illuminate/Database/Console/Migrations/MigrateCommand.php:69
/var/www/packages/afrittella/back-project/vendor/laravel/framework/src/Illuminate/Container/BoundMethod.php:29
/var/www/packages/afrittella/back-project/vendor/laravel/framework/src/Illuminate/Container/BoundMethod.php:87
/var/www/packages/afrittella/back-project/vendor/laravel/framework/src/Illuminate/Container/BoundMethod.php:31
/var/www/packages/afrittella/back-project/vendor/laravel/framework/src/Illuminate/Container/Container.php:531
/var/www/packages/afrittella/back-project/vendor/laravel/framework/src/Illuminate/Console/Command.php:182
/var/www/packages/afrittella/back-project/vendor/symfony/console/Command/Command.php:265
/var/www/packages/afrittella/back-project/vendor/laravel/framework/src/Illuminate/Console/Command.php:167
/var/www/packages/afrittella/back-project/vendor/symfony/console/Application.php:826
/var/www/packages/afrittella/back-project/vendor/symfony/console/Application.php:189
/var/www/packages/afrittella/back-project/vendor/symfony/console/Application.php:120
/var/www/packages/afrittella/back-project/vendor/laravel/framework/src/Illuminate/Console/Application.php:141
/var/www/packages/afrittella/back-project/vendor/laravel/framework/src/Illuminate/Foundation/Console/Kernel.php:221
/var/www/packages/afrittella/back-project/vendor/laravel/framework/src/Illuminate/Foundation/Testing/Concerns/InteractsWithConsole.php:18
/var/www/packages/afrittella/back-project/vendor/laravel/framework/src/Illuminate/Foundation/Testing/DatabaseMigrations.php:16
/var/www/packages/afrittella/back-project/vendor/orchestra/testbench/src/TestCase.php:115
/var/www/packages/afrittella/back-project/vendor/orchestra/testbench/src/TestCase.php:84
/var/www/packages/afrittella/back-project/tests/TestCase.php:15
/var/www/packages/afrittella/back-project/tests/Integration/Repositories/AttachmentsTest.php:23
/var/www/vendor/phpunit/phpunit/src/TextUI/Command.php:186
/var/www/vendor/phpunit/phpunit/src/TextUI/Command.php:116
</error>
        </testcase>
      </testsuite>
      <testsuite name="Tests\Integration\Repositories\PermissionsTest" file="/var/www/packages/afrittella/back-project/tests/Integration/Repositories/PermissionsTest.php" tests="1" assertions="0" failures="0" errors="1" time="0.010541">
        <testcase name="testCanCreate" class="Tests\Integration\Repositories\PermissionsTest" file="/var/www/packages/afrittella/back-project/tests/Integration/Repositories/PermissionsTest.php" line="28" assertions="0" time="0.010541">
          <error type="Doctrine\DBAL\Schema\SchemaException">Tests\Integration\Repositories\PermissionsTest::testCanCreate
Doctrine\DBAL\Schema\SchemaException: There is no column with name 'name' on table 'users'.

/var/www/packages/afrittella/back-project/vendor/doctrine/dbal/lib/Doctrine/DBAL/Schema/SchemaException.php:86
/var/www/packages/afrittella/back-project/vendor/doctrine/dbal/lib/Doctrine/DBAL/Schema/Table.php:671
/var/www/packages/afrittella/back-project/vendor/laravel/framework/src/Illuminate/Database/Connection.php:843
/var/www/packages/afrittella/back-project/vendor/laravel/framework/src/Illuminate/Database/Schema/Grammars/RenameColumn.php:26
/var/www/packages/afrittella/back-project/vendor/laravel/framework/src/Illuminate/Database/Schema/Grammars/Grammar.php:32
/var/www/packages/afrittella/back-project/vendor/laravel/framework/src/Illuminate/Database/Schema/Blueprint.php:107
/var/www/packages/afrittella/back-project/vendor/laravel/framework/src/Illuminate/Database/Schema/Blueprint.php:82
/var/www/packages/afrittella/back-project/vendor/laravel/framework/src/Illuminate/Database/Schema/Builder.php:239
/var/www/packages/afrittella/back-project/vendor/laravel/framework/src/Illuminate/Database/Schema/Builder.php:148
/var/www/packages/afrittella/back-project/vendor/laravel/framework/src/Illuminate/Support/Facades/Facade.php:221
/var/www/packages/afrittella/back-project/src/database/migrations/2017_02_03_164144_modify_users_table.php:20
/var/www/packages/afrittella/back-project/vendor/laravel/framework/src/Illuminate/Database/Migrations/Migrator.php:353
/var/www/packages/afrittella/back-project/vendor/laravel/framework/src/Illuminate/Database/Migrations/Migrator.php:359
/var/www/packages/afrittella/back-project/vendor/laravel/framework/src/Illuminate/Database/Migrations/Migrator.php:177
/var/www/packages/afrittella/back-project/vendor/laravel/framework/src/Illuminate/Database/Migrations/Migrator.php:146
/var/www/packages/afrittella/back-project/vendor/laravel/framework/src/Illuminate/Database/Migrations/Migrator.php:95
/var/www/packages/afrittella/back-project/vendor/laravel/framework/src/Illuminate/Database/Console/Migrations/MigrateCommand.php:69
/var/www/packages/afrittella/back-project/vendor/laravel/framework/src/Illuminate/Container/BoundMethod.php:29
/var/www/packages/afrittella/back-project/vendor/laravel/framework/src/Illuminate/Container/BoundMethod.php:87
/var/www/packages/afrittella/back-project/vendor/laravel/framework/src/Illuminate/Container/BoundMethod.php:31
/var/www/packages/afrittella/back-project/vendor/laravel/framework/src/Illuminate/Container/Container.php:531
/var/www/packages/afrittella/back-project/vendor/laravel/framework/src/Illuminate/Console/Command.php:182
/var/www/packages/afrittella/back-project/vendor/symfony/console/Command/Command.php:265
/var/www/packages/afrittella/back-project/vendor/laravel/framework/src/Illuminate/Console/Command.php:167
/var/www/packages/afrittella/back-project/vendor/symfony/console/Application.php:826
/var/www/packages/afrittella/back-project/vendor/symfony/console/Application.php:189
/var/www/packages/afrittella/back-project/vendor/symfony/console/Application.php:120
/var/www/packages/afrittella/back-project/vendor/laravel/framework/src/Illuminate/Console/Application.php:141
/var/www/packages/afrittella/back-project/vendor/laravel/framework/src/Illuminate/Foundation/Console/Kernel.php:221
/var/www/packages/afrittella/back-project/vendor/laravel/framework/src/Illuminate/Foundation/Testing/Concerns/InteractsWithConsole.php:18
/var/www/packages/afrittella/back-project/vendor/laravel/framework/src/Illuminate/Foundation/Testing/DatabaseMigrations.php:16
/var/www/packages/afrittella/back-project/vendor/orchestra/testbench/src/TestCase.php:115
/var/www/packages/afrittella/back-project/vendor/orchestra/testbench/src/TestCase.php:84
/var/www/packages/afrittella/back-project/tests/TestCase.php:15
/var/www/packages/afrittella/back-project/tests/Integration/Repositories/PermissionsTest.php:23
/var/www/vendor/phpunit/phpunit/src/TextUI/Command.php:186
/var/www/vendor/phpunit/phpunit/src/TextUI/Command.php:116
</error>
        </testcase>
      </testsuite>
      <testsuite name="Tests\Integration\Repositories\RolesTest" file="/var/www/packages/afrittella/back-project/tests/Integration/Repositories/RolesTest.php" tests="1" assertions="0" failures="0" errors="1" time="0.010547">
        <testcase name="testCanCreate" class="Tests\Integration\Repositories\RolesTest" file="/var/www/packages/afrittella/back-project/tests/Integration/Repositories/RolesTest.php" line="28" assertions="0" time="0.010547">
          <error type="Doctrine\DBAL\Schema\SchemaException">Tests\Integration\Repositories\RolesTest::testCanCreate
Doctrine\DBAL\Schema\SchemaException: There is no column with name 'name' on table 'users'.

/var/www/packages/afrittella/back-project/vendor/doctrine/dbal/lib/Doctrine/DBAL/Schema/SchemaException.php:86
/var/www/packages/afrittella/back-project/vendor/doctrine/dbal/lib/Doctrine/DBAL/Schema/Table.php:671
/var/www/packages/afrittella/back-project/vendor/laravel/framework/src/Illuminate/Database/Connection.php:843
/var/www/packages/afrittella/back-project/vendor/laravel/framework/src/Illuminate/Database/Schema/Grammars/RenameColumn.php:26
/var/www/packages/afrittella/back-project/vendor/laravel/framework/src/Illuminate/Database/Schema/Grammars/Grammar.php:32
/var/www/packages/afrittella/back-project/vendor/laravel/framework/src/Illuminate/Database/Schema/Blueprint.php:107
/var/www/packages/afrittella/back-project/vendor/laravel/framework/src/Illuminate/Database/Schema/Blueprint.php:82
/var/www/packages/afrittella/back-project/vendor/laravel/framework/src/Illuminate/Database/Schema/Builder.php:239
/var/www/packages/afrittella/back-project/vendor/laravel/framework/src/Illuminate/Database/Schema/Builder.php:148
/var/www/packages/afrittella/back-project/vendor/laravel/framework/src/Illuminate/Support/Facades/Facade.php:221
/var/www/packages/afrittella/back-project/src/database/migrations/2017_02_03_164144_modify_users_table.php:20
/var/www/packages/afrittella/back-project/vendor/laravel/framework/src/Illuminate/Database/Migrations/Migrator.php:353
/var/www/packages/afrittella/back-project/vendor/laravel/framework/src/Illuminate/Database/Migrations/Migrator.php:359
/var/www/packages/afrittella/back-project/vendor/laravel/framework/src/Illuminate/Database/Migrations/Migrator.php:177
/var/www/packages/afrittella/back-project/vendor/laravel/framework/src/Illuminate/Database/Migrations/Migrator.php:146
/var/www/packages/afrittella/back-project/vendor/laravel/framework/src/Illuminate/Database/Migrations/Migrator.php:95
/var/www/packages/afrittella/back-project/vendor/laravel/framework/src/Illuminate/Database/Console/Migrations/MigrateCommand.php:69
/var/www/packages/afrittella/back-project/vendor/laravel/framework/src/Illuminate/Container/BoundMethod.php:29
/var/www/packages/afrittella/back-project/vendor/laravel/framework/src/Illuminate/Container/BoundMethod.php:87
/var/www/packages/afrittella/back-project/vendor/laravel/framework/src/Illuminate/Container/BoundMethod.php:31
/var/www/packages/afrittella/back-project/vendor/laravel/framework/src/Illuminate/Container/Container.php:531
/var/www/packages/afrittella/back-project/vendor/laravel/framework/src/Illuminate/Console/Command.php:182
/var/www/packages/afrittella/back-project/vendor/symfony/console/Command/Command.php:265
/var/www/packages/afrittella/back-project/vendor/laravel/framework/src/Illuminate/Console/Command.php:167
/var/www/packages/afrittella/back-project/vendor/symfony/console/Application.php:826
/var/www/packages/afrittella/back-project/vendor/symfony/console/Application.php:189
/var/www/packages/afrittella/back-project/vendor/symfony/console/Application.php:120
/var/www/packages/afrittella/back-project/vendor/laravel/framework/src/Illuminate/Console/Application.php:141
/var/www/packages/afrittella/back-project/vendor/laravel/framework/src/Illuminate/Foundation/Console/Kernel.php:221
/var/www/packages/afrittella/back-project/vendor/laravel/framework/src/Illuminate/Foundation/Testing/Concerns/InteractsWithConsole.php:18
/var/www/packages/afrittella/back-project/vendor/laravel/framework/src/Illuminate/Foundation/Testing/DatabaseMigrations.php:16
/var/www/packages/afrittella/back-project/vendor/orchestra/testbench/src/TestCase.php:115
/var/www/packages/afrittella/back-project/vendor/orchestra/testbench/src/TestCase.php:84
/var/www/packages/afrittella/back-project/tests/TestCase.php:15
/var/www/packages/afrittella/back-project/tests/Integration/Repositories/RolesTest.php:23
/var/www/vendor/phpunit/phpunit/src/TextUI/Command.php:186
/var/www/vendor/phpunit/phpunit/src/TextUI/Command.php:116
</error>
        </testcase>
      </testsuite>
      <testsuite name="Tests\Integration\Repositories\UsersTest" file="/var/www/packages/afrittella/back-project/tests/Integration/Repositories/UsersTest.php" tests="6" assertions="0" failures="0" errors="6" time="0.068873">
        <testcase name="testCanGetAll" class="Tests\Integration\Repositories\UsersTest" file="/var/www/packages/afrittella/back-project/tests/Integration/Repositories/UsersTest.php" line="25" assertions="0" time="0.011430">
          <error type="Doctrine\DBAL\Schema\SchemaException">Tests\Integration\Repositories\UsersTest::testCanGetAll
Doctrine\DBAL\Schema\SchemaException: There is no column with name 'name' on table 'users'.

/var/www/packages/afrittella/back-project/vendor/doctrine/dbal/lib/Doctrine/DBAL/Schema/SchemaException.php:86
/var/www/packages/afrittella/back-project/vendor/doctrine/dbal/lib/Doctrine/DBAL/Schema/Table.php:671
/var/www/packages/afrittella/back-project/vendor/laravel/framework/src/Illuminate/Database/Connection.php:843
/var/www/packages/afrittella/back-project/vendor/laravel/framework/src/Illuminate/Database/Schema/Grammars/RenameColumn.php:26
/var/www/packages/afrittella/back-project/vendor/laravel/framework/src/Illuminate/Database/Schema/Grammars/Grammar.php:32
/var/www/packages/afrittella/back-project/vendor/laravel/framework/src/Illuminate/Database/Schema/Blueprint.php:107
/var/www/packages/afrittella/back-project/vendor/laravel/framework/src/Illuminate/Database/Schema/Blueprint.php:82
/var/www/packages/afrittella/back-project/vendor/laravel/framework/src/Illuminate/Database/Schema/Builder.php:239
/var/www/packages/afrittella/back-project/vendor/laravel/framework/src/Illuminate/Database/Schema/Builder.php:148
/var/www/packages/afrittella/back-project/vendor/laravel/framework/src/Illuminate/Support/Facades/Facade.php:221
/var/www/packages/afrittella/back-project/src/database/migrations/2017_02_03_164144_modify_users_table.php:20
/var/www/packages/afrittella/back-project/vendor/laravel/framework/src/Illuminate/Database/Migrations/Migrator.php:353
/var/www/packages/afrittella/back-project/vendor/laravel/framework/src/Illuminate/Database/Migrations/Migrator.php:359
/var/www/packages/afrittella/back-project/vendor/laravel/framework/src/Illuminate/Database/Migrations/Migrator.php:177
/var/www/packages/afrittella/back-project/vendor/laravel/framework/src/Illuminate/Database/Migrations/Migrator.php:146
/var/www/packages/afrittella/back-project/vendor/laravel/framework/src/Illuminate/Database/Migrations/Migrator.php:95
/var/www/packages/afrittella/back-project/vendor/laravel/framework/src/Illuminate/Database/Console/Migrations/MigrateCommand.php:69
/var/www/packages/afrittella/back-project/vendor/laravel/framework/src/Illuminate/Container/BoundMethod.php:29
/var/www/packages/afrittella/back-project/vendor/laravel/framework/src/Illuminate/Container/BoundMethod.php:87
/var/www/packages/afrittella/back-project/vendor/laravel/framework/src/Illuminate/Container/BoundMethod.php:31
/var/www/packages/afrittella/back-project/vendor/laravel/framework/src/Illuminate/Container/Container.php:531
/var/www/packages/afrittella/back-project/vendor/laravel/framework/src/Illuminate/Console/Command.php:182
/var/www/packages/afrittella/back-project/vendor/symfony/console/Command/Command.php:265
/var/www/packages/afrittella/back-project/vendor/laravel/framework/src/Illuminate/Console/Command.php:167
/var/www/packages/afrittella/back-project/vendor/symfony/console/Application.php:826
/var/www/packages/afrittella/back-project/vendor/symfony/console/Application.php:189
/var/www/packages/afrittella/back-project/vendor/symfony/console/Application.php:120
/var/www/packages/afrittella/back-project/vendor/laravel/framework/src/Illuminate/Console/Application.php:141
/var/www/packages/afrittella/back-project/vendor/laravel/framework/src/Illuminate/Foundation/Console/Kernel.php:221
/var/www/packages/afrittella/back-project/vendor/laravel/framework/src/Illuminate/Foundation/Testing/Concerns/InteractsWithConsole.php:18
/var/www/packages/afrittella/back-project/vendor/laravel/framework/src/Illuminate/Foundation/Testing/DatabaseMigrations.php:16
/var/www/packages/afrittella/back-project/vendor/orchestra/testbench/src/TestCase.php:115
/var/www/packages/afrittella/back-project/vendor/orchestra/testbench/src/TestCase.php:84
/var/www/packages/afrittella/back-project/tests/TestCase.php:15
/var/www/packages/afrittella/back-project/tests/Integration/Repositories/UsersTest.php:21
/var/www/vendor/phpunit/phpunit/src/TextUI/Command.php:186
/var/www/vendor/phpunit/phpunit/src/TextUI/Command.php:116
</error>
        </testcase>
        <testcase name="testCanFind" class="Tests\Integration\Repositories\UsersTest" file="/var/www/packages/afrittella/back-project/tests/Integration/Repositories/UsersTest.php" line="32" assertions="0" time="0.009937">
          <error type="Doctrine\DBAL\Schema\SchemaException">Tests\Integration\Repositories\UsersTest::testCanFind
Doctrine\DBAL\Schema\SchemaException: There is no column with name 'name' on table 'users'.

/var/www/packages/afrittella/back-project/vendor/doctrine/dbal/lib/Doctrine/DBAL/Schema/SchemaException.php:86
/var/www/packages/afrittella/back-project/vendor/doctrine/dbal/lib/Doctrine/DBAL/Schema/Table.php:671
/var/www/packages/afrittella/back-project/vendor/laravel/framework/src/Illuminate/Database/Connection.php:843
/var/www/packages/afrittella/back-project/vendor/laravel/framework/src/Illuminate/Database/Schema/Grammars/RenameColumn.php:26
/var/www/packages/afrittella/back-project/vendor/laravel/framework/src/Illuminate/Database/Schema/Grammars/Grammar.php:32
/var/www/packages/afrittella/back-project/vendor/laravel/framework/src/Illuminate/Database/Schema/Blueprint.php:107
/var/www/packages/afrittella/back-project/vendor/laravel/framework/src/Illuminate/Database/Schema/Blueprint.php:82
/var/www/packages/afrittella/back-project/vendor/laravel/framework/src/Illuminate/Database/Schema/Builder.php:239
/var/www/packages/afrittella/back-project/vendor/laravel/framework/src/Illuminate/Database/Schema/Builder.php:148
/var/www/packages/afrittella/back-project/vendor/laravel/framework/src/Illuminate/Support/Facades/Facade.php:221
/var/www/packages/afrittella/back-project/src/database/migrations/2017_02_03_164144_modify_users_table.php:20
/var/www/packages/afrittella/back-project/vendor/laravel/framework/src/Illuminate/Database/Migrations/Migrator.php:353
/var/www/packages/afrittella/back-project/vendor/laravel/framework/src/Illuminate/Database/Migrations/Migrator.php:359
/var/www/packages/afrittella/back-project/vendor/laravel/framework/src/Illuminate/Database/Migrations/Migrator.php:177
/var/www/packages/afrittella/back-project/vendor/laravel/framework/src/Illuminate/Database/Migrations/Migrator.php:146
/var/www/packages/afrittella/back-project/vendor/laravel/framework/src/Illuminate/Database/Migrations/Migrator.php:95
/var/www/packages/afrittella/back-project/vendor/laravel/framework/src/Illuminate/Database/Console/Migrations/MigrateCommand.php:69
/var/www/packages/afrittella/back-project/vendor/laravel/framework/src/Illuminate/Container/BoundMethod.php:29
/var/www/packages/afrittella/back-project/vendor/laravel/framework/src/Illuminate/Container/BoundMethod.php:87
/var/www/packages/afrittella/back-project/vendor/laravel/framework/src/Illuminate/Container/BoundMethod.php:31
/var/www/packages/afrittella/back-project/vendor/laravel/framework/src/Illuminate/Container/Container.php:531
/var/www/packages/afrittella/back-project/vendor/laravel/framework/src/Illuminate/Console/Command.php:182
/var/www/packages/afrittella/back-project/vendor/symfony/console/Command/Command.php:265
/var/www/packages/afrittella/back-project/vendor/laravel/framework/src/Illuminate/Console/Command.php:167
/var/www/packages/afrittella/back-project/vendor/symfony/console/Application.php:826
/var/www/packages/afrittella/back-project/vendor/symfony/console/Application.php:189
/var/www/packages/afrittella/back-project/vendor/symfony/console/Application.php:120
/var/www/packages/afrittella/back-project/vendor/laravel/framework/src/Illuminate/Console/Application.php:141
/var/www/packages/afrittella/back-project/vendor/laravel/framework/src/Illuminate/Foundation/Console/Kernel.php:221
/var/www/packages/afrittella/back-project/vendor/laravel/framework/src/Illuminate/Foundation/Testing/Concerns/InteractsWithConsole.php:18
/var/www/packages/afrittella/back-project/vendor/laravel/framework/src/Illuminate/Foundation/Testing/DatabaseMigrations.php:16
/var/www/packages/afrittella/back-project/vendor/orchestra/testbench/src/TestCase.php:115
/var/www/packages/afrittella/back-project/vendor/orchestra/testbench/src/TestCase.php:84
/var/www/packages/afrittella/back-project/tests/TestCase.php:15
/var/www/packages/afrittella/back-project/tests/Integration/Repositories/UsersTest.php:21
/var/www/vendor/phpunit/phpunit/src/TextUI/Command.php:186
/var/www/vendor/phpunit/phpunit/src/TextUI/Command.php:116
</error>
        </testcase>
        <testcase name="testCanFindBy" class="Tests\Integration\Repositories\UsersTest" file="/var/www/packages/afrittella/back-project/tests/Integration/Repositories/UsersTest.php" line="41" assertions="0" time="0.014591">
          <error type="Doctrine\DBAL\Schema\SchemaException">Tests\Integration\Repositories\UsersTest::testCanFindBy
Doctrine\DBAL\Schema\SchemaException: There is no column with name 'name' on table 'users'.

/var/www/packages/afrittella/back-project/vendor/doctrine/dbal/lib/Doctrine/DBAL/Schema/SchemaException.php:86
/var/www/packages/afrittella/back-project/vendor/doctrine/dbal/lib/Doctrine/DBAL/Schema/Table.php:671
/var/www/packages/afrittella/back-project/vendor/laravel/framework/src/Illuminate/Database/Connection.php:843
/var/www/packages/afrittella/back-project/vendor/laravel/framework/src/Illuminate/Database/Schema/Grammars/RenameColumn.php:26
/var/www/packages/afrittella/back-project/vendor/laravel/framework/src/Illuminate/Database/Schema/Grammars/Grammar.php:32
/var/www/packages/afrittella/back-project/vendor/laravel/framework/src/Illuminate/Database/Schema/Blueprint.php:107
/var/www/packages/afrittella/back-project/vendor/laravel/framework/src/Illuminate/Database/Schema/Blueprint.php:82
/var/www/packages/afrittella/back-project/vendor/laravel/framework/src/Illuminate/Database/Schema/Builder.php:239
/var/www/packages/afrittella/back-project/vendor/laravel/framework/src/Illuminate/Database/Schema/Builder.php:148
/var/www/packages/afrittella/back-project/vendor/laravel/framework/src/Illuminate/Support/Facades/Facade.php:221
/var/www/packages/afrittella/back-project/src/database/migrations/2017_02_03_164144_modify_users_table.php:20
/var/www/packages/afrittella/back-project/vendor/laravel/framework/src/Illuminate/Database/Migrations/Migrator.php:353
/var/www/packages/afrittella/back-project/vendor/laravel/framework/src/Illuminate/Database/Migrations/Migrator.php:359
/var/www/packages/afrittella/back-project/vendor/laravel/framework/src/Illuminate/Database/Migrations/Migrator.php:177
/var/www/packages/afrittella/back-project/vendor/laravel/framework/src/Illuminate/Database/Migrations/Migrator.php:146
/var/www/packages/afrittella/back-project/vendor/laravel/framework/src/Illuminate/Database/Migrations/Migrator.php:95
/var/www/packages/afrittella/back-project/vendor/laravel/framework/src/Illuminate/Database/Console/Migrations/MigrateCommand.php:69
/var/www/packages/afrittella/back-project/vendor/laravel/framework/src/Illuminate/Container/BoundMethod.php:29
/var/www/packages/afrittella/back-project/vendor/laravel/framework/src/Illuminate/Container/BoundMethod.php:87
/var/www/packages/afrittella/back-project/vendor/laravel/framework/src/Illuminate/Container/BoundMethod.php:31
/var/www/packages/afrittella/back-project/vendor/laravel/framework/src/Illuminate/Container/Container.php:531
/var/www/packages/afrittella/back-project/vendor/laravel/framework/src/Illuminate/Console/Command.php:182
/var/www/packages/afrittella/back-project/vendor/symfony/console/Command/Command.php:265
/var/www/packages/afrittella/back-project/vendor/laravel/framework/src/Illuminate/Console/Command.php:167
/var/www/packages/afrittella/back-project/vendor/symfony/console/Application.php:826
/var/www/packages/afrittella/back-project/vendor/symfony/console/Application.php:189
/var/www/packages/afrittella/back-project/vendor/symfony/console/Application.php:120
/var/www/packages/afrittella/back-project/vendor/laravel/framework/src/Illuminate/Console/Application.php:141
/var/www/packages/afrittella/back-project/vendor/laravel/framework/src/Illuminate/Foundation/Console/Kernel.php:221
/var/www/packages/afrittella/back-project/vendor/laravel/framework/src/Illuminate/Foundation/Testing/Concerns/InteractsWithConsole.php:18
/var/www/packages/afrittella/back-project/vendor/laravel/framework/src/Illuminate/Foundation/Testing/DatabaseMigrations.php:16
/var/www/packages/afrittella/back-project/vendor/orchestra/testbench/src/TestCase.php:115
/var/www/packages/afrittella/back-project/vendor/orchestra/testbench/src/TestCase.php:84
/var/www/packages/afrittella/back-project/tests/TestCase.php:15
/var/www/packages/afrittella/back-project/tests/Integration/Repositories/UsersTest.php:21
/var/www/vendor/phpunit/phpunit/src/TextUI/Command.php:186
/var/www/vendor/phpunit/phpunit/src/TextUI/Command.php:116
</error>
        </testcase>
        <testcase name="testCanPaginate" class="Tests\Integration\Repositories\UsersTest" file="/var/www/packages/afrittella/back-project/tests/Integration/Repositories/UsersTest.php" line="54" assertions="0" time="0.010431">
          <error type="Doctrine\DBAL\Schema\SchemaException">Tests\Integration\Repositories\UsersTest::testCanPaginate
Doctrine\DBAL\Schema\SchemaException: There is no column with name 'name' on table 'users'.

/var/www/packages/afrittella/back-project/vendor/doctrine/dbal/lib/Doctrine/DBAL/Schema/SchemaException.php:86
/var/www/packages/afrittella/back-project/vendor/doctrine/dbal/lib/Doctrine/DBAL/Schema/Table.php:671
/var/www/packages/afrittella/back-project/vendor/laravel/framework/src/Illuminate/Database/Connection.php:843
/var/www/packages/afrittella/back-project/vendor/laravel/framework/src/Illuminate/Database/Schema/Grammars/RenameColumn.php:26
/var/www/packages/afrittella/back-project/vendor/laravel/framework/src/Illuminate/Database/Schema/Grammars/Grammar.php:32
/var/www/packages/afrittella/back-project/vendor/laravel/framework/src/Illuminate/Database/Schema/Blueprint.php:107
/var/www/packages/afrittella/back-project/vendor/laravel/framework/src/Illuminate/Database/Schema/Blueprint.php:82
/var/www/packages/afrittella/back-project/vendor/laravel/framework/src/Illuminate/Database/Schema/Builder.php:239
/var/www/packages/afrittella/back-project/vendor/laravel/framework/src/Illuminate/Database/Schema/Builder.php:148
/var/www/packages/afrittella/back-project/vendor/laravel/framework/src/Illuminate/Support/Facades/Facade.php:221
/var/www/packages/afrittella/back-project/src/database/migrations/2017_02_03_164144_modify_users_table.php:20
/var/www/packages/afrittella/back-project/vendor/laravel/framework/src/Illuminate/Database/Migrations/Migrator.php:353
/var/www/packages/afrittella/back-project/vendor/laravel/framework/src/Illuminate/Database/Migrations/Migrator.php:359
/var/www/packages/afrittella/back-project/vendor/laravel/framework/src/Illuminate/Database/Migrations/Migrator.php:177
/var/www/packages/afrittella/back-project/vendor/laravel/framework/src/Illuminate/Database/Migrations/Migrator.php:146
/var/www/packages/afrittella/back-project/vendor/laravel/framework/src/Illuminate/Database/Migrations/Migrator.php:95
/var/www/packages/afrittella/back-project/vendor/laravel/framework/src/Illuminate/Database/Console/Migrations/MigrateCommand.php:69
/var/www/packages/afrittella/back-project/vendor/laravel/framework/src/Illuminate/Container/BoundMethod.php:29
/var/www/packages/afrittella/back-project/vendor/laravel/framework/src/Illuminate/Container/BoundMethod.php:87
/var/www/packages/afrittella/back-project/vendor/laravel/framework/src/Illuminate/Container/BoundMethod.php:31
/var/www/packages/afrittella/back-project/vendor/laravel/framework/src/Illuminate/Container/Container.php:531
/var/www/packages/afrittella/back-project/vendor/laravel/framework/src/Illuminate/Console/Command.php:182
/var/www/packages/afrittella/back-project/vendor/symfony/console/Command/Command.php:265
/var/www/packages/afrittella/back-project/vendor/laravel/framework/src/Illuminate/Console/Command.php:167
/var/www/packages/afrittella/back-project/vendor/symfony/console/Application.php:826
/var/www/packages/afrittella/back-project/vendor/symfony/console/Application.php:189
/var/www/packages/afrittella/back-project/vendor/symfony/console/Application.php:120
/var/www/packages/afrittella/back-project/vendor/laravel/framework/src/Illuminate/Console/Application.php:141
/var/www/packages/afrittella/back-project/vendor/laravel/framework/src/Illuminate/Foundation/Console/Kernel.php:221
/var/www/packages/afrittella/back-project/vendor/laravel/framework/src/Illuminate/Foundation/Testing/Concerns/InteractsWithConsole.php:18
/var/www/packages/afrittella/back-project/vendor/laravel/framework/src/Illuminate/Foundation/Testing/DatabaseMigrations.php:16
/var/www/packages/afrittella/back-project/vendor/orchestra/testbench/src/TestCase.php:115
/var/www/packages/afrittella/back-project/vendor/orchestra/testbench/src/TestCase.php:84
/var/www/packages/afrittella/back-project/tests/TestCase.php:15
/var/www/packages/afrittella/back-project/tests/Integration/Repositories/UsersTest.php:21
/var/www/vendor/phpunit/phpunit/src/TextUI/Command.php:186
/var/www/vendor/phpunit/phpunit/src/TextUI/Command.php:116
</error>
        </testcase>
        <testcase name="testCanUpdate" class="Tests\Integration\Repositories\UsersTest" file="/var/www/packages/afrittella/back-project/tests/Integration/Repositories/UsersTest.php" line="61" assertions="0" time="0.012111">
          <error type="Doctrine\DBAL\Schema\SchemaException">Tests\Integration\Repositories\UsersTest::testCanUpdate
Doctrine\DBAL\Schema\SchemaException: There is no column with name 'name' on table 'users'.

/var/www/packages/afrittella/back-project/vendor/doctrine/dbal/lib/Doctrine/DBAL/Schema/SchemaException.php:86
/var/www/packages/afrittella/back-project/vendor/doctrine/dbal/lib/Doctrine/DBAL/Schema/Table.php:671
/var/www/packages/afrittella/back-project/vendor/laravel/framework/src/Illuminate/Database/Connection.php:843
/var/www/packages/afrittella/back-project/vendor/laravel/framework/src/Illuminate/Database/Schema/Grammars/RenameColumn.php:26
/var/www/packages/afrittella/back-project/vendor/laravel/framework/src/Illuminate/Database/Schema/Grammars/Grammar.php:32
/var/www/packages/afrittella/back-project/vendor/laravel/framework/src/Illuminate/Database/Schema/Blueprint.php:107
/var/www/packages/afrittella/back-project/vendor/laravel/framework/src/Illuminate/Database/Schema/Blueprint.php:82
/var/www/packages/afrittella/back-project/vendor/laravel/framework/src/Illuminate/Database/Schema/Builder.php:239
/var/www/packages/afrittella/back-project/vendor/laravel/framework/src/Illuminate/Database/Schema/Builder.php:148
/var/www/packages/afrittella/back-project/vendor/laravel/framework/src/Illuminate/Support/Facades/Facade.php:221
/var/www/packages/afrittella/back-project/src/database/migrations/2017_02_03_164144_modify_users_table.php:20
/var/www/packages/afrittella/back-project/vendor/laravel/framework/src/Illuminate/Database/Migrations/Migrator.php:353
/var/www/packages/afrittella/back-project/vendor/laravel/framework/src/Illuminate/Database/Migrations/Migrator.php:359
/var/www/packages/afrittella/back-project/vendor/laravel/framework/src/Illuminate/Database/Migrations/Migrator.php:177
/var/www/packages/afrittella/back-project/vendor/laravel/framework/src/Illuminate/Database/Migrations/Migrator.php:146
/var/www/packages/afrittella/back-project/vendor/laravel/framework/src/Illuminate/Database/Migrations/Migrator.php:95
/var/www/packages/afrittella/back-project/vendor/laravel/framework/src/Illuminate/Database/Console/Migrations/MigrateCommand.php:69
/var/www/packages/afrittella/back-project/vendor/laravel/framework/src/Illuminate/Container/BoundMethod.php:29
/var/www/packages/afrittella/back-project/vendor/laravel/framework/src/Illuminate/Container/BoundMethod.php:87
/var/www/packages/afrittella/back-project/vendor/laravel/framework/src/Illuminate/Container/BoundMethod.php:31
/var/www/packages/afrittella/back-project/vendor/laravel/framework/src/Illuminate/Container/Container.php:531
/var/www/packages/afrittella/back-project/vendor/laravel/framework/src/Illuminate/Console/Command.php:182
/var/www/packages/afrittella/back-project/vendor/symfony/console/Command/Command.php:265
/var/www/packages/afrittella/back-project/vendor/laravel/framework/src/Illuminate/Console/Command.php:167
/var/www/packages/afrittella/back-project/vendor/symfony/console/Application.php:826
/var/www/packages/afrittella/back-project/vendor/symfony/console/Application.php:189
/var/www/packages/afrittella/back-project/vendor/symfony/console/Application.php:120
/var/www/packages/afrittella/back-project/vendor/laravel/framework/src/Illuminate/Console/Application.php:141
/var/www/packages/afrittella/back-project/vendor/laravel/framework/src/Illuminate/Foundation/Console/Kernel.php:221
/var/www/packages/afrittella/back-project/vendor/laravel/framework/src/Illuminate/Foundation/Testing/Concerns/InteractsWithConsole.php:18
/var/www/packages/afrittella/back-project/vendor/laravel/framework/src/Illuminate/Foundation/Testing/DatabaseMigrations.php:16
/var/www/packages/afrittella/back-project/vendor/orchestra/testbench/src/TestCase.php:115
/var/www/packages/afrittella/back-project/vendor/orchestra/testbench/src/TestCase.php:84
/var/www/packages/afrittella/back-project/tests/TestCase.php:15
/var/www/packages/afrittella/back-project/tests/Integration/Repositories/UsersTest.php:21
/var/www/vendor/phpunit/phpunit/src/TextUI/Command.php:186
/var/www/vendor/phpunit/phpunit/src/TextUI/Command.php:116
</error>
        </testcase>
        <testcase name="testCanDelete" class="Tests\Integration\Repositories\UsersTest" file="/var/www/packages/afrittella/back-project/tests/Integration/Repositories/UsersTest.php" line="80" assertions="0" time="0.010373">
          <error type="Doctrine\DBAL\Schema\SchemaException">Tests\Integration\Repositories\UsersTest::testCanDelete
Doctrine\DBAL\Schema\SchemaException: There is no column with name 'name' on table 'users'.

/var/www/packages/afrittella/back-project/vendor/doctrine/dbal/lib/Doctrine/DBAL/Schema/SchemaException.php:86
/var/www/packages/afrittella/back-project/vendor/doctrine/dbal/lib/Doctrine/DBAL/Schema/Table.php:671
/var/www/packages/afrittella/back-project/vendor/laravel/framework/src/Illuminate/Database/Connection.php:843
/var/www/packages/afrittella/back-project/vendor/laravel/framework/src/Illuminate/Database/Schema/Grammars/RenameColumn.php:26
/var/www/packages/afrittella/back-project/vendor/laravel/framework/src/Illuminate/Database/Schema/Grammars/Grammar.php:32
/var/www/packages/afrittella/back-project/vendor/laravel/framework/src/Illuminate/Database/Schema/Blueprint.php:107
/var/www/packages/afrittella/back-project/vendor/laravel/framework/src/Illuminate/Database/Schema/Blueprint.php:82
/var/www/packages/afrittella/back-project/vendor/laravel/framework/src/Illuminate/Database/Schema/Builder.php:239
/var/www/packages/afrittella/back-project/vendor/laravel/framework/src/Illuminate/Database/Schema/Builder.php:148
/var/www/packages/afrittella/back-project/vendor/laravel/framework/src/Illuminate/Support/Facades/Facade.php:221
/var/www/packages/afrittella/back-project/src/database/migrations/2017_02_03_164144_modify_users_table.php:20
/var/www/packages/afrittella/back-project/vendor/laravel/framework/src/Illuminate/Database/Migrations/Migrator.php:353
/var/www/packages/afrittella/back-project/vendor/laravel/framework/src/Illuminate/Database/Migrations/Migrator.php:359
/var/www/packages/afrittella/back-project/vendor/laravel/framework/src/Illuminate/Database/Migrations/Migrator.php:177
/var/www/packages/afrittella/back-project/vendor/laravel/framework/src/Illuminate/Database/Migrations/Migrator.php:146
/var/www/packages/afrittella/back-project/vendor/laravel/framework/src/Illuminate/Database/Migrations/Migrator.php:95
/var/www/packages/afrittella/back-project/vendor/laravel/framework/src/Illuminate/Database/Console/Migrations/MigrateCommand.php:69
/var/www/packages/afrittella/back-project/vendor/laravel/framework/src/Illuminate/Container/BoundMethod.php:29
/var/www/packages/afrittella/back-project/vendor/laravel/framework/src/Illuminate/Container/BoundMethod.php:87
/var/www/packages/afrittella/back-project/vendor/laravel/framework/src/Illuminate/Container/BoundMethod.php:31
/var/www/packages/afrittella/back-project/vendor/laravel/framework/src/Illuminate/Container/Container.php:531
/var/www/packages/afrittella/back-project/vendor/laravel/framework/src/Illuminate/Console/Command.php:182
/var/www/packages/afrittella/back-project/vendor/symfony/console/Command/Command.php:265
/var/www/packages/afrittella/back-project/vendor/laravel/framework/src/Illuminate/Console/Command.php:167
/var/www/packages/afrittella/back-project/vendor/symfony/console/Application.php:826
/var/www/packages/afrittella/back-project/vendor/symfony/console/Application.php:189
/var/www/packages/afrittella/back-project/vendor/symfony/console/Application.php:120
/var/www/packages/afrittella/back-project/vendor/laravel/framework/src/Illuminate/Console/Application.php:141
/var/www/packages/afrittella/back-project/vendor/laravel/framework/src/Illuminate/Foundation/Console/Kernel.php:221
/var/www/packages/afrittella/back-project/vendor/laravel/framework/src/Illuminate/Foundation/Testing/Concerns/InteractsWithConsole.php:18
/var/www/packages/afrittella/back-project/vendor/laravel/framework/src/Illuminate/Foundation/Testing/DatabaseMigrations.php:16
/var/www/packages/afrittella/back-project/vendor/orchestra/testbench/src/TestCase.php:115
/var/www/packages/afrittella/back-project/vendor/orchestra/testbench/src/TestCase.php:84
/var/www/packages/afrittella/back-project/tests/TestCase.php:15
/var/www/packages/afrittella/back-project/tests/Integration/Repositories/UsersTest.php:21
/var/www/vendor/phpunit/phpunit/src/TextUI/Command.php:186
/var/www/vendor/phpunit/phpunit/src/TextUI/Command.php:116
</error>
        </testcase>
      </testsuite>
    </testsuite>
    <testsuite name="Unit" tests="9" assertions="4" failures="0" errors="5" time="0.152888">
      <testsuite name="Tests\Unit\MediaManagerTest" file="/var/www/packages/afrittella/back-project/tests/Unit/MediaManagerTest.php" tests="2" assertions="2" failures="0" errors="0" time="0.030874">
        <testcase name="testHashName" class="Tests\Unit\MediaManagerTest" file="/var/www/packages/afrittella/back-project/tests/Unit/MediaManagerTest.php" line="10" assertions="1" time="0.016725"/>
        <testcase name="testGetCachedImageUrl" class="Tests\Unit\MediaManagerTest" file="/var/www/packages/afrittella/back-project/tests/Unit/MediaManagerTest.php" line="19" assertions="1" time="0.014149"/>
      </testsuite>
      <testsuite name="Tests\Unit\Models\Observers\RemoveFileWhenDeletingAttachmentTest" file="/var/www/packages/afrittella/back-project/tests/Unit/Models/Observers/RemoveFileWhenDeletingAttachmentTest.php" tests="1" assertions="0" failures="0" errors="0" time="0.039660">
        <testcase name="testRemove" class="Tests\Unit\Models\Observers\RemoveFileWhenDeletingAttachmentTest" file="/var/www/packages/afrittella/back-project/tests/Unit/Models/Observers/RemoveFileWhenDeletingAttachmentTest.php" line="24" assertions="0" time="0.039660"/>
      </testsuite>
      <testsuite name="Tests\Unit\Models\Observers\SaveFileWhenAddingAttachmentTest" file="/var/www/packages/afrittella/back-project/tests/Unit/Models/Observers/SaveFileWhenAddingAttachmentTest.php" tests="1" assertions="2" failures="0" errors="0" time="0.021990">
        <testcase name="testUpload" class="Tests\Unit\Models\Observers\SaveFileWhenAddingAttachmentTest" file="/var/www/packages/afrittella/back-project/tests/Unit/Models/Observers/SaveFileWhenAddingAttachmentTest.php" line="27" assertions="2" time="0.021990"/>
      </testsuite>
      <testsuite name="Tests\Unit\Models\UserTest" file="/var/www/packages/afrittella/back-project/tests/Unit/Models/UserTest.php" tests="5" assertions="0" failures="0" errors="5" time="0.060364">
        <testcase name="testIfIsConfirmed" class="Tests\Unit\Models\UserTest" file="/var/www/packages/afrittella/back-project/tests/Unit/Models/UserTest.php" line="21" assertions="0" time="0.014191">
          <error type="Doctrine\DBAL\Schema\SchemaException">Tests\Unit\Models\UserTest::testIfIsConfirmed
Doctrine\DBAL\Schema\SchemaException: There is no column with name 'name' on table 'users'.

/var/www/packages/afrittella/back-project/vendor/doctrine/dbal/lib/Doctrine/DBAL/Schema/SchemaException.php:86
/var/www/packages/afrittella/back-project/vendor/doctrine/dbal/lib/Doctrine/DBAL/Schema/Table.php:671
/var/www/packages/afrittella/back-project/vendor/laravel/framework/src/Illuminate/Database/Connection.php:843
/var/www/packages/afrittella/back-project/vendor/laravel/framework/src/Illuminate/Database/Schema/Grammars/RenameColumn.php:26
/var/www/packages/afrittella/back-project/vendor/laravel/framework/src/Illuminate/Database/Schema/Grammars/Grammar.php:32
/var/www/packages/afrittella/back-project/vendor/laravel/framework/src/Illuminate/Database/Schema/Blueprint.php:107
/var/www/packages/afrittella/back-project/vendor/laravel/framework/src/Illuminate/Database/Schema/Blueprint.php:82
/var/www/packages/afrittella/back-project/vendor/laravel/framework/src/Illuminate/Database/Schema/Builder.php:239
/var/www/packages/afrittella/back-project/vendor/laravel/framework/src/Illuminate/Database/Schema/Builder.php:148
/var/www/packages/afrittella/back-project/vendor/laravel/framework/src/Illuminate/Support/Facades/Facade.php:221
/var/www/packages/afrittella/back-project/src/database/migrations/2017_02_03_164144_modify_users_table.php:20
/var/www/packages/afrittella/back-project/vendor/laravel/framework/src/Illuminate/Database/Migrations/Migrator.php:353
/var/www/packages/afrittella/back-project/vendor/laravel/framework/src/Illuminate/Database/Migrations/Migrator.php:359
/var/www/packages/afrittella/back-project/vendor/laravel/framework/src/Illuminate/Database/Migrations/Migrator.php:177
/var/www/packages/afrittella/back-project/vendor/laravel/framework/src/Illuminate/Database/Migrations/Migrator.php:146
/var/www/packages/afrittella/back-project/vendor/laravel/framework/src/Illuminate/Database/Migrations/Migrator.php:95
/var/www/packages/afrittella/back-project/vendor/laravel/framework/src/Illuminate/Database/Console/Migrations/MigrateCommand.php:69
/var/www/packages/afrittella/back-project/vendor/laravel/framework/src/Illuminate/Container/BoundMethod.php:29
/var/www/packages/afrittella/back-project/vendor/laravel/framework/src/Illuminate/Container/BoundMethod.php:87
/var/www/packages/afrittella/back-project/vendor/laravel/framework/src/Illuminate/Container/BoundMethod.php:31
/var/www/packages/afrittella/back-project/vendor/laravel/framework/src/Illuminate/Container/Container.php:531
/var/www/packages/afrittella/back-project/vendor/laravel/framework/src/Illuminate/Console/Command.php:182
/var/www/packages/afrittella/back-project/vendor/symfony/console/Command/Command.php:265
/var/www/packages/afrittella/back-project/vendor/laravel/framework/src/Illuminate/Console/Command.php:167
/var/www/packages/afrittella/back-project/vendor/symfony/console/Application.php:826
/var/www/packages/afrittella/back-project/vendor/symfony/console/Application.php:189
/var/www/packages/afrittella/back-project/vendor/symfony/console/Application.php:120
/var/www/packages/afrittella/back-project/vendor/laravel/framework/src/Illuminate/Console/Application.php:141
/var/www/packages/afrittella/back-project/vendor/laravel/framework/src/Illuminate/Foundation/Console/Kernel.php:221
/var/www/packages/afrittella/back-project/vendor/laravel/framework/src/Illuminate/Foundation/Testing/Concerns/InteractsWithConsole.php:18
/var/www/packages/afrittella/back-project/vendor/laravel/framework/src/Illuminate/Foundation/Testing/DatabaseMigrations.php:16
/var/www/packages/afrittella/back-project/vendor/orchestra/testbench/src/TestCase.php:115
/var/www/packages/afrittella/back-project/vendor/orchestra/testbench/src/TestCase.php:84
/var/www/packages/afrittella/back-project/tests/TestCase.php:15
/var/www/packages/afrittella/back-project/tests/Unit/Models/UserTest.php:16
/var/www/vendor/phpunit/phpunit/src/TextUI/Command.php:186
/var/www/vendor/phpunit/phpunit/src/TextUI/Command.php:116
</error>
        </testcase>
        <testcase name="testIfHasConfirmationCode" class="Tests\Unit\Models\UserTest" file="/var/www/packages/afrittella/back-project/tests/Unit/Models/UserTest.php" line="28" assertions="0" time="0.011451">
          <error type="Doctrine\DBAL\Schema\SchemaException">Tests\Unit\Models\UserTest::testIfHasConfirmationCode
Doctrine\DBAL\Schema\SchemaException: There is no column with name 'name' on table 'users'.

/var/www/packages/afrittella/back-project/vendor/doctrine/dbal/lib/Doctrine/DBAL/Schema/SchemaException.php:86
/var/www/packages/afrittella/back-project/vendor/doctrine/dbal/lib/Doctrine/DBAL/Schema/Table.php:671
/var/www/packages/afrittella/back-project/vendor/laravel/framework/src/Illuminate/Database/Connection.php:843
/var/www/packages/afrittella/back-project/vendor/laravel/framework/src/Illuminate/Database/Schema/Grammars/RenameColumn.php:26
/var/www/packages/afrittella/back-project/vendor/laravel/framework/src/Illuminate/Database/Schema/Grammars/Grammar.php:32
/var/www/packages/afrittella/back-project/vendor/laravel/framework/src/Illuminate/Database/Schema/Blueprint.php:107
/var/www/packages/afrittella/back-project/vendor/laravel/framework/src/Illuminate/Database/Schema/Blueprint.php:82
/var/www/packages/afrittella/back-project/vendor/laravel/framework/src/Illuminate/Database/Schema/Builder.php:239
/var/www/packages/afrittella/back-project/vendor/laravel/framework/src/Illuminate/Database/Schema/Builder.php:148
/var/www/packages/afrittella/back-project/vendor/laravel/framework/src/Illuminate/Support/Facades/Facade.php:221
/var/www/packages/afrittella/back-project/src/database/migrations/2017_02_03_164144_modify_users_table.php:20
/var/www/packages/afrittella/back-project/vendor/laravel/framework/src/Illuminate/Database/Migrations/Migrator.php:353
/var/www/packages/afrittella/back-project/vendor/laravel/framework/src/Illuminate/Database/Migrations/Migrator.php:359
/var/www/packages/afrittella/back-project/vendor/laravel/framework/src/Illuminate/Database/Migrations/Migrator.php:177
/var/www/packages/afrittella/back-project/vendor/laravel/framework/src/Illuminate/Database/Migrations/Migrator.php:146
/var/www/packages/afrittella/back-project/vendor/laravel/framework/src/Illuminate/Database/Migrations/Migrator.php:95
/var/www/packages/afrittella/back-project/vendor/laravel/framework/src/Illuminate/Database/Console/Migrations/MigrateCommand.php:69
/var/www/packages/afrittella/back-project/vendor/laravel/framework/src/Illuminate/Container/BoundMethod.php:29
/var/www/packages/afrittella/back-project/vendor/laravel/framework/src/Illuminate/Container/BoundMethod.php:87
/var/www/packages/afrittella/back-project/vendor/laravel/framework/src/Illuminate/Container/BoundMethod.php:31
/var/www/packages/afrittella/back-project/vendor/laravel/framework/src/Illuminate/Container/Container.php:531
/var/www/packages/afrittella/back-project/vendor/laravel/framework/src/Illuminate/Console/Command.php:182
/var/www/packages/afrittella/back-project/vendor/symfony/console/Command/Command.php:265
/var/www/packages/afrittella/back-project/vendor/laravel/framework/src/Illuminate/Console/Command.php:167
/var/www/packages/afrittella/back-project/vendor/symfony/console/Application.php:826
/var/www/packages/afrittella/back-project/vendor/symfony/console/Application.php:189
/var/www/packages/afrittella/back-project/vendor/symfony/console/Application.php:120
/var/www/packages/afrittella/back-project/vendor/laravel/framework/src/Illuminate/Console/Application.php:141
/var/www/packages/afrittella/back-project/vendor/laravel/framework/src/Illuminate/Foundation/Console/Kernel.php:221
/var/www/packages/afrittella/back-project/vendor/laravel/framework/src/Illuminate/Foundation/Testing/Concerns/InteractsWithConsole.php:18
/var/www/packages/afrittella/back-project/vendor/laravel/framework/src/Illuminate/Foundation/Testing/DatabaseMigrations.php:16
/var/www/packages/afrittella/back-project/vendor/orchestra/testbench/src/TestCase.php:115
/var/www/packages/afrittella/back-project/vendor/orchestra/testbench/src/TestCase.php:84
/var/www/packages/afrittella/back-project/tests/TestCase.php:15
/var/www/packages/afrittella/back-project/tests/Unit/Models/UserTest.php:16
/var/www/vendor/phpunit/phpunit/src/TextUI/Command.php:186
/var/www/vendor/phpunit/phpunit/src/TextUI/Command.php:116
</error>
        </testcase>
        <testcase name="testIfIsPendingConfirmation" class="Tests\Unit\Models\UserTest" file="/var/www/packages/afrittella/back-project/tests/Unit/Models/UserTest.php" line="35" assertions="0" time="0.011844">
          <error type="Doctrine\DBAL\Schema\SchemaException">Tests\Unit\Models\UserTest::testIfIsPendingConfirmation
Doctrine\DBAL\Schema\SchemaException: There is no column with name 'name' on table 'users'.

/var/www/packages/afrittella/back-project/vendor/doctrine/dbal/lib/Doctrine/DBAL/Schema/SchemaException.php:86
/var/www/packages/afrittella/back-project/vendor/doctrine/dbal/lib/Doctrine/DBAL/Schema/Table.php:671
/var/www/packages/afrittella/back-project/vendor/laravel/framework/src/Illuminate/Database/Connection.php:843
/var/www/packages/afrittella/back-project/vendor/laravel/framework/src/Illuminate/Database/Schema/Grammars/RenameColumn.php:26
/var/www/packages/afrittella/back-project/vendor/laravel/framework/src/Illuminate/Database/Schema/Grammars/Grammar.php:32
/var/www/packages/afrittella/back-project/vendor/laravel/framework/src/Illuminate/Database/Schema/Blueprint.php:107
/var/www/packages/afrittella/back-project/vendor/laravel/framework/src/Illuminate/Database/Schema/Blueprint.php:82
/var/www/packages/afrittella/back-project/vendor/laravel/framework/src/Illuminate/Database/Schema/Builder.php:239
/var/www/packages/afrittella/back-project/vendor/laravel/framework/src/Illuminate/Database/Schema/Builder.php:148
/var/www/packages/afrittella/back-project/vendor/laravel/framework/src/Illuminate/Support/Facades/Facade.php:221
/var/www/packages/afrittella/back-project/src/database/migrations/2017_02_03_164144_modify_users_table.php:20
/var/www/packages/afrittella/back-project/vendor/laravel/framework/src/Illuminate/Database/Migrations/Migrator.php:353
/var/www/packages/afrittella/back-project/vendor/laravel/framework/src/Illuminate/Database/Migrations/Migrator.php:359
/var/www/packages/afrittella/back-project/vendor/laravel/framework/src/Illuminate/Database/Migrations/Migrator.php:177
/var/www/packages/afrittella/back-project/vendor/laravel/framework/src/Illuminate/Database/Migrations/Migrator.php:146
/var/www/packages/afrittella/back-project/vendor/laravel/framework/src/Illuminate/Database/Migrations/Migrator.php:95
/var/www/packages/afrittella/back-project/vendor/laravel/framework/src/Illuminate/Database/Console/Migrations/MigrateCommand.php:69
/var/www/packages/afrittella/back-project/vendor/laravel/framework/src/Illuminate/Container/BoundMethod.php:29
/var/www/packages/afrittella/back-project/vendor/laravel/framework/src/Illuminate/Container/BoundMethod.php:87
/var/www/packages/afrittella/back-project/vendor/laravel/framework/src/Illuminate/Container/BoundMethod.php:31
/var/www/packages/afrittella/back-project/vendor/laravel/framework/src/Illuminate/Container/Container.php:531
/var/www/packages/afrittella/back-project/vendor/laravel/framework/src/Illuminate/Console/Command.php:182
/var/www/packages/afrittella/back-project/vendor/symfony/console/Command/Command.php:265
/var/www/packages/afrittella/back-project/vendor/laravel/framework/src/Illuminate/Console/Command.php:167
/var/www/packages/afrittella/back-project/vendor/symfony/console/Application.php:826
/var/www/packages/afrittella/back-project/vendor/symfony/console/Application.php:189
/var/www/packages/afrittella/back-project/vendor/symfony/console/Application.php:120
/var/www/packages/afrittella/back-project/vendor/laravel/framework/src/Illuminate/Console/Application.php:141
/var/www/packages/afrittella/back-project/vendor/laravel/framework/src/Illuminate/Foundation/Console/Kernel.php:221
/var/www/packages/afrittella/back-project/vendor/laravel/framework/src/Illuminate/Foundation/Testing/Concerns/InteractsWithConsole.php:18
/var/www/packages/afrittella/back-project/vendor/laravel/framework/src/Illuminate/Foundation/Testing/DatabaseMigrations.php:16
/var/www/packages/afrittella/back-project/vendor/orchestra/testbench/src/TestCase.php:115
/var/www/packages/afrittella/back-project/vendor/orchestra/testbench/src/TestCase.php:84
/var/www/packages/afrittella/back-project/tests/TestCase.php:15
/var/www/packages/afrittella/back-project/tests/Unit/Models/UserTest.php:16
/var/www/vendor/phpunit/phpunit/src/TextUI/Command.php:186
/var/www/vendor/phpunit/phpunit/src/TextUI/Command.php:116
</error>
        </testcase>
        <testcase name="testCanConfirm" class="Tests\Unit\Models\UserTest" file="/var/www/packages/afrittella/back-project/tests/Unit/Models/UserTest.php" line="42" assertions="0" time="0.010550">
          <error type="Doctrine\DBAL\Schema\SchemaException">Tests\Unit\Models\UserTest::testCanConfirm
Doctrine\DBAL\Schema\SchemaException: There is no column with name 'name' on table 'users'.

/var/www/packages/afrittella/back-project/vendor/doctrine/dbal/lib/Doctrine/DBAL/Schema/SchemaException.php:86
/var/www/packages/afrittella/back-project/vendor/doctrine/dbal/lib/Doctrine/DBAL/Schema/Table.php:671
/var/www/packages/afrittella/back-project/vendor/laravel/framework/src/Illuminate/Database/Connection.php:843
/var/www/packages/afrittella/back-project/vendor/laravel/framework/src/Illuminate/Database/Schema/Grammars/RenameColumn.php:26
/var/www/packages/afrittella/back-project/vendor/laravel/framework/src/Illuminate/Database/Schema/Grammars/Grammar.php:32
/var/www/packages/afrittella/back-project/vendor/laravel/framework/src/Illuminate/Database/Schema/Blueprint.php:107
/var/www/packages/afrittella/back-project/vendor/laravel/framework/src/Illuminate/Database/Schema/Blueprint.php:82
/var/www/packages/afrittella/back-project/vendor/laravel/framework/src/Illuminate/Database/Schema/Builder.php:239
/var/www/packages/afrittella/back-project/vendor/laravel/framework/src/Illuminate/Database/Schema/Builder.php:148
/var/www/packages/afrittella/back-project/vendor/laravel/framework/src/Illuminate/Support/Facades/Facade.php:221
/var/www/packages/afrittella/back-project/src/database/migrations/2017_02_03_164144_modify_users_table.php:20
/var/www/packages/afrittella/back-project/vendor/laravel/framework/src/Illuminate/Database/Migrations/Migrator.php:353
/var/www/packages/afrittella/back-project/vendor/laravel/framework/src/Illuminate/Database/Migrations/Migrator.php:359
/var/www/packages/afrittella/back-project/vendor/laravel/framework/src/Illuminate/Database/Migrations/Migrator.php:177
/var/www/packages/afrittella/back-project/vendor/laravel/framework/src/Illuminate/Database/Migrations/Migrator.php:146
/var/www/packages/afrittella/back-project/vendor/laravel/framework/src/Illuminate/Database/Migrations/Migrator.php:95
/var/www/packages/afrittella/back-project/vendor/laravel/framework/src/Illuminate/Database/Console/Migrations/MigrateCommand.php:69
/var/www/packages/afrittella/back-project/vendor/laravel/framework/src/Illuminate/Container/BoundMethod.php:29
/var/www/packages/afrittella/back-project/vendor/laravel/framework/src/Illuminate/Container/BoundMethod.php:87
/var/www/packages/afrittella/back-project/vendor/laravel/framework/src/Illuminate/Container/BoundMethod.php:31
/var/www/packages/afrittella/back-project/vendor/laravel/framework/src/Illuminate/Container/Container.php:531
/var/www/packages/afrittella/back-project/vendor/laravel/framework/src/Illuminate/Console/Command.php:182
/var/www/packages/afrittella/back-project/vendor/symfony/console/Command/Command.php:265
/var/www/packages/afrittella/back-project/vendor/laravel/framework/src/Illuminate/Console/Command.php:167
/var/www/packages/afrittella/back-project/vendor/symfony/console/Application.php:826
/var/www/packages/afrittella/back-project/vendor/symfony/console/Application.php:189
/var/www/packages/afrittella/back-project/vendor/symfony/console/Application.php:120
/var/www/packages/afrittella/back-project/vendor/laravel/framework/src/Illuminate/Console/Application.php:141
/var/www/packages/afrittella/back-project/vendor/laravel/framework/src/Illuminate/Foundation/Console/Kernel.php:221
/var/www/packages/afrittella/back-project/vendor/laravel/framework/src/Illuminate/Foundation/Testing/Concerns/InteractsWithConsole.php:18
/var/www/packages/afrittella/back-project/vendor/laravel/framework/src/Illuminate/Foundation/Testing/DatabaseMigrations.php:16
/var/www/packages/afrittella/back-project/vendor/orchestra/testbench/src/TestCase.php:115
/var/www/packages/afrittella/back-project/vendor/orchestra/testbench/src/TestCase.php:84
/var/www/packages/afrittella/back-project/tests/TestCase.php:15
/var/www/packages/afrittella/back-project/tests/Unit/Models/UserTest.php:16
/var/www/vendor/phpunit/phpunit/src/TextUI/Command.php:186
/var/www/vendor/phpunit/phpunit/src/TextUI/Command.php:116
</error>
        </testcase>
        <testcase name="testCannotConfirm" class="Tests\Unit\Models\UserTest" file="/var/www/packages/afrittella/back-project/tests/Unit/Models/UserTest.php" line="49" assertions="0" time="0.012328">
          <error type="Doctrine\DBAL\Schema\SchemaException">Tests\Unit\Models\UserTest::testCannotConfirm
Doctrine\DBAL\Schema\SchemaException: There is no column with name 'name' on table 'users'.

/var/www/packages/afrittella/back-project/vendor/doctrine/dbal/lib/Doctrine/DBAL/Schema/SchemaException.php:86
/var/www/packages/afrittella/back-project/vendor/doctrine/dbal/lib/Doctrine/DBAL/Schema/Table.php:671
/var/www/packages/afrittella/back-project/vendor/laravel/framework/src/Illuminate/Database/Connection.php:843
/var/www/packages/afrittella/back-project/vendor/laravel/framework/src/Illuminate/Database/Schema/Grammars/RenameColumn.php:26
/var/www/packages/afrittella/back-project/vendor/laravel/framework/src/Illuminate/Database/Schema/Grammars/Grammar.php:32
/var/www/packages/afrittella/back-project/vendor/laravel/framework/src/Illuminate/Database/Schema/Blueprint.php:107
/var/www/packages/afrittella/back-project/vendor/laravel/framework/src/Illuminate/Database/Schema/Blueprint.php:82
/var/www/packages/afrittella/back-project/vendor/laravel/framework/src/Illuminate/Database/Schema/Builder.php:239
/var/www/packages/afrittella/back-project/vendor/laravel/framework/src/Illuminate/Database/Schema/Builder.php:148
/var/www/packages/afrittella/back-project/vendor/laravel/framework/src/Illuminate/Support/Facades/Facade.php:221
/var/www/packages/afrittella/back-project/src/database/migrations/2017_02_03_164144_modify_users_table.php:20
/var/www/packages/afrittella/back-project/vendor/laravel/framework/src/Illuminate/Database/Migrations/Migrator.php:353
/var/www/packages/afrittella/back-project/vendor/laravel/framework/src/Illuminate/Database/Migrations/Migrator.php:359
/var/www/packages/afrittella/back-project/vendor/laravel/framework/src/Illuminate/Database/Migrations/Migrator.php:177
/var/www/packages/afrittella/back-project/vendor/laravel/framework/src/Illuminate/Database/Migrations/Migrator.php:146
/var/www/packages/afrittella/back-project/vendor/laravel/framework/src/Illuminate/Database/Migrations/Migrator.php:95
/var/www/packages/afrittella/back-project/vendor/laravel/framework/src/Illuminate/Database/Console/Migrations/MigrateCommand.php:69
/var/www/packages/afrittella/back-project/vendor/laravel/framework/src/Illuminate/Container/BoundMethod.php:29
/var/www/packages/afrittella/back-project/vendor/laravel/framework/src/Illuminate/Container/BoundMethod.php:87
/var/www/packages/afrittella/back-project/vendor/laravel/framework/src/Illuminate/Container/BoundMethod.php:31
/var/www/packages/afrittella/back-project/vendor/laravel/framework/src/Illuminate/Container/Container.php:531
/var/www/packages/afrittella/back-project/vendor/laravel/framework/src/Illuminate/Console/Command.php:182
/var/www/packages/afrittella/back-project/vendor/symfony/console/Command/Command.php:265
/var/www/packages/afrittella/back-project/vendor/laravel/framework/src/Illuminate/Console/Command.php:167
/var/www/packages/afrittella/back-project/vendor/symfony/console/Application.php:826
/var/www/packages/afrittella/back-project/vendor/symfony/console/Application.php:189
/var/www/packages/afrittella/back-project/vendor/symfony/console/Application.php:120
/var/www/packages/afrittella/back-project/vendor/laravel/framework/src/Illuminate/Console/Application.php:141
/var/www/packages/afrittella/back-project/vendor/laravel/framework/src/Illuminate/Foundation/Console/Kernel.php:221
/var/www/packages/afrittella/back-project/vendor/laravel/framework/src/Illuminate/Foundation/Testing/Concerns/InteractsWithConsole.php:18
/var/www/packages/afrittella/back-project/vendor/laravel/framework/src/Illuminate/Foundation/Testing/DatabaseMigrations.php:16
/var/www/packages/afrittella/back-project/vendor/orchestra/testbench/src/TestCase.php:115
/var/www/packages/afrittella/back-project/vendor/orchestra/testbench/src/TestCase.php:84
/var/www/packages/afrittella/back-project/tests/TestCase.php:15
/var/www/packages/afrittella/back-project/tests/Unit/Models/UserTest.php:16
/var/www/vendor/phpunit/phpunit/src/TextUI/Command.php:186
/var/www/vendor/phpunit/phpunit/src/TextUI/Command.php:116
</error>
        </testcase>
      </testsuite>
    </testsuite>
  </testsuite>
</testsuites>
